[debug] [2024-02-02T23:52:33.534Z] ----------------------------------------------------------------------
[debug] [2024-02-02T23:52:33.535Z] Command:       /Users/sire/.nvm/versions/node/v18.17.0/bin/node /Users/sire/.nvm/versions/node/v18.17.0/bin/firebase emulators:start
[debug] [2024-02-02T23:52:33.535Z] CLI Version:   13.1.0
[debug] [2024-02-02T23:52:33.535Z] Platform:      darwin
[debug] [2024-02-02T23:52:33.535Z] Node Version:  v18.17.0
[debug] [2024-02-02T23:52:33.536Z] Time:          Sat Feb 03 2024 00:52:33 GMT+0100 (GMT+01:00)
[debug] [2024-02-02T23:52:33.536Z] ----------------------------------------------------------------------
[debug] 
[debug] [2024-02-02T23:52:33.569Z] > command requires scopes: ["email","openid","https://www.googleapis.com/auth/cloudplatformprojects.readonly","https://www.googleapis.com/auth/firebase","https://www.googleapis.com/auth/cloud-platform"]
[debug] [2024-02-02T23:52:33.569Z] > authorizing via signed-in user (bartholomewfavour1995@gmail.com)
[debug] [2024-02-02T23:52:33.618Z] openjdk version "20.0.1" 2023-04-18
OpenJDK Runtime Environment Temurin-20.0.1+9 (build 20.0.1+9)

[debug] [2024-02-02T23:52:33.619Z] OpenJDK 64-Bit Server VM Temurin-20.0.1+9 (build 20.0.1+9, mixed mode)

[debug] [2024-02-02T23:52:33.621Z] Parsed Java major version: 20
[info] i  emulators: Starting emulators: functions, firestore {"metadata":{"emulator":{"name":"hub"},"message":"Starting emulators: functions, firestore"}}
[debug] [2024-02-02T23:52:33.971Z] [logging] Logging Emulator only supports listening on one address (127.0.0.1). Not listening on ::1
[debug] [2024-02-02T23:52:33.971Z] [firestore] Firestore Emulator only supports listening on one address (127.0.0.1). Not listening on ::1
[debug] [2024-02-02T23:52:33.971Z] [firestore.websocket] websocket server for firestore only supports listening on one address (127.0.0.1). Not listening on ::1
[debug] [2024-02-02T23:52:33.971Z] assigned listening specs for emulators {"user":{"hub":[{"address":"127.0.0.1","family":"IPv4","port":4400},{"address":"::1","family":"IPv6","port":4400}],"ui":[{"address":"127.0.0.1","family":"IPv4","port":4000},{"address":"::1","family":"IPv6","port":4000}],"logging":[{"address":"127.0.0.1","family":"IPv4","port":4500}],"firestore":[{"address":"127.0.0.1","family":"IPv4","port":8080}],"firestore.websocket":[{"address":"127.0.0.1","family":"IPv4","port":9150}]},"metadata":{"message":"assigned listening specs for emulators"}}
[debug] [2024-02-02T23:52:33.976Z] [hub] writing locator at /var/folders/5l/6d33ghzs48q0hd5yff1s_z440000gn/T/hub-i-get-am.json
[debug] [2024-02-02T23:52:34.114Z] [functions] Functions Emulator only supports listening on one address (127.0.0.1). Not listening on ::1
[debug] [2024-02-02T23:52:34.114Z] [eventarc] Eventarc Emulator only supports listening on one address (127.0.0.1). Not listening on ::1
[debug] [2024-02-02T23:52:34.114Z] late-assigned ports for functions and eventarc emulators {"user":{"hub":[{"address":"127.0.0.1","family":"IPv4","port":4400},{"address":"::1","family":"IPv6","port":4400}],"ui":[{"address":"127.0.0.1","family":"IPv4","port":4000},{"address":"::1","family":"IPv6","port":4000}],"logging":[{"address":"127.0.0.1","family":"IPv4","port":4500}],"firestore":[{"address":"127.0.0.1","family":"IPv4","port":8080}],"firestore.websocket":[{"address":"127.0.0.1","family":"IPv4","port":9150}],"functions":[{"address":"127.0.0.1","family":"IPv4","port":5001}],"eventarc":[{"address":"127.0.0.1","family":"IPv4","port":9299}]},"metadata":{"message":"late-assigned ports for functions and eventarc emulators"}}
[warn] ⚠  functions: The following emulators are not running, calls to these services from the Functions emulator will affect production: auth, database, hosting, pubsub, storage {"metadata":{"emulator":{"name":"functions"},"message":"The following emulators are not running, calls to these services from the Functions emulator will affect production: \u001b[1mauth, database, hosting, pubsub, storage\u001b[22m"}}
[debug] [2024-02-02T23:52:34.115Z] defaultcredentials: writing to file /Users/sire/.config/firebase/bartholomewfavour1995_gmail_com_application_default_credentials.json
[debug] [2024-02-02T23:52:34.116Z] Setting GAC to /Users/sire/.config/firebase/bartholomewfavour1995_gmail_com_application_default_credentials.json {"metadata":{"emulator":{"name":"functions"},"message":"Setting GAC to /Users/sire/.config/firebase/bartholomewfavour1995_gmail_com_application_default_credentials.json"}}
[debug] [2024-02-02T23:52:34.117Z] >>> [apiv2][query] GET https://firebase.googleapis.com/v1beta1/projects/i-get-am/adminSdkConfig [none]
[debug] [2024-02-02T23:52:35.062Z] <<< [apiv2][status] GET https://firebase.googleapis.com/v1beta1/projects/i-get-am/adminSdkConfig 200
[debug] [2024-02-02T23:52:35.062Z] <<< [apiv2][body] GET https://firebase.googleapis.com/v1beta1/projects/i-get-am/adminSdkConfig {"projectId":"i-get-am","databaseURL":"https://i-get-am-default-rtdb.firebaseio.com","storageBucket":"i-get-am.appspot.com","locationId":"us-central"}
[debug] [2024-02-02T23:52:35.077Z] Ignoring unsupported arg: auto_download {"metadata":{"emulator":{"name":"firestore"},"message":"Ignoring unsupported arg: auto_download"}}
[debug] [2024-02-02T23:52:35.077Z] Ignoring unsupported arg: single_project_mode_error {"metadata":{"emulator":{"name":"firestore"},"message":"Ignoring unsupported arg: single_project_mode_error"}}
[debug] [2024-02-02T23:52:35.077Z] Starting Firestore Emulator with command {"binary":"java","args":["-Dgoogle.cloud_firestore.debug_log_level=FINE","-Duser.language=en","-jar","/Users/sire/.cache/firebase/emulators/cloud-firestore-emulator-v1.18.2.jar","--host","127.0.0.1","--port",8080,"--websocket_port",9150,"--project_id","i-get-am","--rules","/Users/sire/Code/market-item-finder/firestore.rules","--single_project_mode",true,"--functions_emulator","127.0.0.1:5001"],"optionalArgs":["port","webchannel_port","host","rules","websocket_port","functions_emulator","seed_from_export","project_id","single_project_mode"],"joinArgs":false} {"metadata":{"emulator":{"name":"firestore"},"message":"Starting Firestore Emulator with command {\"binary\":\"java\",\"args\":[\"-Dgoogle.cloud_firestore.debug_log_level=FINE\",\"-Duser.language=en\",\"-jar\",\"/Users/sire/.cache/firebase/emulators/cloud-firestore-emulator-v1.18.2.jar\",\"--host\",\"127.0.0.1\",\"--port\",8080,\"--websocket_port\",9150,\"--project_id\",\"i-get-am\",\"--rules\",\"/Users/sire/Code/market-item-finder/firestore.rules\",\"--single_project_mode\",true,\"--functions_emulator\",\"127.0.0.1:5001\"],\"optionalArgs\":[\"port\",\"webchannel_port\",\"host\",\"rules\",\"websocket_port\",\"functions_emulator\",\"seed_from_export\",\"project_id\",\"single_project_mode\"],\"joinArgs\":false}"}}
[info] i  firestore: Firestore Emulator logging to firestore-debug.log {"metadata":{"emulator":{"name":"firestore"},"message":"Firestore Emulator logging to \u001b[1mfirestore-debug.log\u001b[22m"}}
[debug] [2024-02-02T23:52:35.612Z] Feb 03, 2024 12:52:35 AM com.google.cloud.datastore.emulator.firestore.websocket.WebSocketServer start
INFO: Started WebSocket server on ws://127.0.0.1:9150
 {"metadata":{"emulator":{"name":"firestore"},"message":"Feb 03, 2024 12:52:35 AM com.google.cloud.datastore.emulator.firestore.websocket.WebSocketServer start\nINFO: Started WebSocket server on ws://127.0.0.1:9150\n"}}
[debug] [2024-02-02T23:52:35.623Z] API endpoint: http:// {"metadata":{"emulator":{"name":"firestore"},"message":"API endpoint: http://"}}
[debug] [2024-02-02T23:52:35.623Z] 127.0.0.1:8080
If you are using a library that supports the FIRESTORE_EMULATOR_HOST environment variable, run:

   export FIRESTORE_EMULATOR_HOST=127.0.0.1:8080

Dev App Server is now running.

 {"metadata":{"emulator":{"name":"firestore"},"message":"127.0.0.1:8080\nIf you are using a library that supports the FIRESTORE_EMULATOR_HOST environment variable, run:\n\n   export FIRESTORE_EMULATOR_HOST=127.0.0.1:8080\n\nDev App Server is now running.\n\n"}}
[info] ✔  firestore: Firestore Emulator UI websocket is running on 9150. {"metadata":{"emulator":{"name":"firestore"},"message":"Firestore Emulator UI websocket is running on 9150."}}
[debug] [2024-02-02T23:52:35.842Z] Ignoring unsupported arg: auto_download {"metadata":{"emulator":{"name":"ui"},"message":"Ignoring unsupported arg: auto_download"}}
[debug] [2024-02-02T23:52:35.842Z] Ignoring unsupported arg: port {"metadata":{"emulator":{"name":"ui"},"message":"Ignoring unsupported arg: port"}}
[debug] [2024-02-02T23:52:35.843Z] Starting Emulator UI with command {"binary":"node","args":["/Users/sire/.cache/firebase/emulators/ui-v1.11.7/server/server.js"],"optionalArgs":[],"joinArgs":false} {"metadata":{"emulator":{"name":"ui"},"message":"Starting Emulator UI with command {\"binary\":\"node\",\"args\":[\"/Users/sire/.cache/firebase/emulators/ui-v1.11.7/server/server.js\"],\"optionalArgs\":[],\"joinArgs\":false}"}}
[info] i  ui: Emulator UI logging to ui-debug.log {"metadata":{"emulator":{"name":"ui"},"message":"Emulator UI logging to \u001b[1mui-debug.log\u001b[22m"}}
[debug] [2024-02-02T23:52:35.921Z] Web / API server started at 127.0.0.1:4000
 {"metadata":{"emulator":{"name":"ui"},"message":"Web / API server started at 127.0.0.1:4000\n"}}
[debug] [2024-02-02T23:52:35.921Z] Web / API server started at ::1:4000
 {"metadata":{"emulator":{"name":"ui"},"message":"Web / API server started at ::1:4000\n"}}
[info] i  functions: Watching "/Users/sire/Code/market-item-finder/functions" for Cloud Functions... {"metadata":{"emulator":{"name":"functions"},"message":"Watching \"/Users/sire/Code/market-item-finder/functions\" for Cloud Functions..."}}
[debug] [2024-02-02T23:52:36.101Z] Validating nodejs source
[debug] [2024-02-02T23:52:36.593Z] > [functions] package.json contents: {
  "name": "functions",
  "description": "Cloud Functions for Firebase",
  "scripts": {
    "serve": "firebase emulators:start --only functions",
    "shell": "firebase functions:shell",
    "start": "npm run shell",
    "deploy": "firebase deploy --only functions",
    "logs": "firebase functions:log"
  },
  "engines": {
    "node": "18"
  },
  "main": "index.js",
  "dependencies": {
    "dotenv": "^16.4.1",
    "firebase-admin": "^11.8.0",
    "firebase-functions": "^4.3.1",
    "form-data": "^4.0.0",
    "handlebars": "^4.7.8",
    "mailgun.js": "^10.0.1",
    "node-mailjet": "^6.0.5"
  },
  "devDependencies": {
    "firebase-functions-test": "^3.1.0"
  },
  "private": true
}
[debug] [2024-02-02T23:52:36.593Z] Building nodejs source
[debug] [2024-02-02T23:52:36.594Z] Failed to find version of module node: reached end of search path /Users/sire/Code/market-item-finder/functions/node_modules
[info] ✔  functions: Using node@18 from host. 
[info] i  functions: Loaded environment variables from .env. 
[debug] [2024-02-02T23:52:36.596Z] Could not find functions.yaml. Must use http discovery
[debug] [2024-02-02T23:52:36.599Z] Found firebase-functions binary at '/Users/sire/Code/market-item-finder/functions/node_modules/.bin/firebase-functions'
[info] Serving at port 8133

[error] /Users/sire/Code/market-item-finder/functions/index.js:26
export const welcomeEmail = onDocumentCreated({
^^^^^^

SyntaxError: Unexpected token 'export'
    at internalCompileFunction (node:internal/vm:73:18)
    at wrapSafe (node:internal/modules/cjs/loader:1178:20)
    at Module._compile (node:internal/modules/cjs/loader:1220:27)
    at Module._extensions..js (node:internal/modules/cjs/loader:1310:10)
    at Module.load (node:internal/modules/cjs/loader:1119:32)
    at Module._load (node:internal/modules/cjs/loader:960:12)
    at Module.require (node:internal/modules/cjs/loader:1143:19)
    at require (node:internal/modules/cjs/helpers:110:18)
    at loadModule (/Users/sire/Code/market-item-finder/functions/node_modules/firebase-functions/lib/runtime/loader.js:40:16)
    at loadStack (/Users/sire/Code/market-item-finder/functions/node_modules/firebase-functions/lib/runtime/loader.js:93:23)

[debug] [2024-02-02T23:52:36.677Z] Got response code 400; body Failed to generate manifest from function source: SyntaxError: Unexpected token 'export'
[error] ⬢  functions: Failed to load function definition from source: FirebaseError: Functions codebase could not be analyzed successfully. It may have a syntax or runtime error {"metadata":{"emulator":{"name":"functions"},"message":"Failed to load function definition from source: FirebaseError: Functions codebase could not be analyzed successfully. It may have a syntax or runtime error"}}
[info] 
┌─────────────────────────────────────────────────────────────┐
│ ✔  All emulators ready! It is now safe to connect your app. │
│ i  View Emulator UI at http://127.0.0.1:4000/               │
└─────────────────────────────────────────────────────────────┘

┌───────────┬────────────────┬─────────────────────────────────┐
│ Emulator  │ Host:Port      │ View in Emulator UI             │
├───────────┼────────────────┼─────────────────────────────────┤
│ Functions │ 127.0.0.1:5001 │ http://127.0.0.1:4000/functions │
├───────────┼────────────────┼─────────────────────────────────┤
│ Firestore │ 127.0.0.1:8080 │ http://127.0.0.1:4000/firestore │
└───────────┴────────────────┴─────────────────────────────────┘
  Emulator Hub running at 127.0.0.1:4400
  Other reserved ports: 4500, 9150

Issues? Report them at https://github.com/firebase/firebase-tools/issues and attach the *-debug.log files.
 
[debug] [2024-02-02T23:52:44.441Z] Feb 03, 2024 12:52:44 AM io.gapi.emulators.netty.HttpVersionRoutingHandler channelRead
INFO: Detected non-HTTP/2 connection.
 {"metadata":{"emulator":{"name":"firestore"},"message":"Feb 03, 2024 12:52:44 AM io.gapi.emulators.netty.HttpVersionRoutingHandler channelRead\nINFO: Detected non-HTTP/2 connection.\n"}}
[debug] [2024-02-02T23:52:44.513Z] Feb 03, 2024 12:52:44 AM io.gapi.emulators.netty.HttpVersionRoutingHandler channelRead
INFO: Detected non-HTTP/2 connection.
 {"metadata":{"emulator":{"name":"firestore"},"message":"Feb 03, 2024 12:52:44 AM io.gapi.emulators.netty.HttpVersionRoutingHandler channelRead\nINFO: Detected non-HTTP/2 connection.\n"}}
[debug] [2024-02-02T23:52:44.814Z] Feb 03, 2024 12:52:44 AM io.gapi.emulators.netty.HttpVersionRoutingHandler channelRead
INFO: Detected non-HTTP/2 connection.
 {"metadata":{"emulator":{"name":"firestore"},"message":"Feb 03, 2024 12:52:44 AM io.gapi.emulators.netty.HttpVersionRoutingHandler channelRead\nINFO: Detected non-HTTP/2 connection.\n"}}
[debug] [2024-02-02T23:52:45.429Z] Feb 03, 2024 12:52:45 AM com.google.cloud.datastore.emulator.firestore.websocket.WebSocketChannelHandler initChannel
INFO: Connected to new websocket client
 {"metadata":{"emulator":{"name":"firestore"},"message":"Feb 03, 2024 12:52:45 AM com.google.cloud.datastore.emulator.firestore.websocket.WebSocketChannelHandler initChannel\nINFO: Connected to new websocket client\n"}}
[debug] [2024-02-02T23:53:36.365Z] File /Users/sire/Code/market-item-finder/functions/index.js changed, reloading triggers {"metadata":{"emulator":{"name":"functions"},"message":"File /Users/sire/Code/market-item-finder/functions/index.js changed, reloading triggers"}}
[debug] [2024-02-02T23:53:37.372Z] Validating nodejs source
[debug] [2024-02-02T23:53:38.011Z] > [functions] package.json contents: {
  "name": "functions",
  "description": "Cloud Functions for Firebase",
  "scripts": {
    "serve": "firebase emulators:start --only functions",
    "shell": "firebase functions:shell",
    "start": "npm run shell",
    "deploy": "firebase deploy --only functions",
    "logs": "firebase functions:log"
  },
  "engines": {
    "node": "18"
  },
  "main": "index.js",
  "dependencies": {
    "dotenv": "^16.4.1",
    "firebase-admin": "^11.8.0",
    "firebase-functions": "^4.3.1",
    "form-data": "^4.0.0",
    "handlebars": "^4.7.8",
    "mailgun.js": "^10.0.1",
    "node-mailjet": "^6.0.5"
  },
  "devDependencies": {
    "firebase-functions-test": "^3.1.0"
  },
  "private": true
}
[debug] [2024-02-02T23:53:38.011Z] Building nodejs source
[debug] [2024-02-02T23:53:38.011Z] Failed to find version of module node: reached end of search path /Users/sire/Code/market-item-finder/functions/node_modules
[info] ✔  functions: Using node@18 from host. 
[info] i  functions: Loaded environment variables from .env. 
[debug] [2024-02-02T23:53:38.013Z] File /Users/sire/Code/market-item-finder/functions/index.js changed, reloading triggers {"metadata":{"emulator":{"name":"functions"},"message":"File /Users/sire/Code/market-item-finder/functions/index.js changed, reloading triggers"}}
[debug] [2024-02-02T23:53:38.013Z] Could not find functions.yaml. Must use http discovery
[debug] [2024-02-02T23:53:38.013Z] Found firebase-functions binary at '/Users/sire/Code/market-item-finder/functions/node_modules/.bin/firebase-functions'
[info] Serving at port 8363

[debug] [2024-02-02T23:53:38.298Z] Got response from /__/functions.yaml {"endpoints":{"welcomeEmail":{"availableMemoryMb":null,"timeoutSeconds":15,"minInstances":null,"maxInstances":10,"ingressSettings":null,"concurrency":null,"serviceAccountEmail":null,"vpc":null,"platform":"gcfv2","labels":{},"eventTrigger":{"eventType":"google.cloud.firestore.document.v1.created","eventFilters":{"database":"(default)","namespace":"(default)"},"eventFilterPathPatterns":{"document":"users/{userId}"},"retry":false},"entryPoint":"welcomeEmail"}},"specVersion":"v1alpha1","requiredAPIs":[]}
[info] ✔  functions: Loaded functions definitions from source: welcomeEmail. {"metadata":{"emulator":{"name":"functions"},"message":"Loaded functions definitions from source: welcomeEmail."}}
[debug] [2024-02-02T23:53:38.306Z] Found a v2 firestore trigger.
[debug] [2024-02-02T23:53:38.306Z] addFirestoreTrigger "{\"eventType\":\"google.cloud.firestore.document.v1.created\",\"database\":\"(default)\",\"namespace\":\"(default)\",\"document\":{\"value\":\"users/{userId}\",\"matchType\":\"PATH_PATTERN\"}}"
[debug] [2024-02-02T23:53:38.306Z] >>> [apiv2][query] POST http://127.0.0.1:8080/emulator/v1/projects/i-get-am/eventarcTrigger?eventarcTriggerId=us-central1-welcomeEmail-0 [none]
[debug] [2024-02-02T23:53:38.306Z] >>> [apiv2][body] POST http://127.0.0.1:8080/emulator/v1/projects/i-get-am/eventarcTrigger?eventarcTriggerId=us-central1-welcomeEmail-0 "{\"eventType\":\"google.cloud.firestore.document.v1.created\",\"database\":\"(default)\",\"namespace\":\"(default)\",\"document\":{\"value\":\"users/{userId}\",\"matchType\":\"PATH_PATTERN\"}}"
[debug] [2024-02-02T23:53:38.310Z] Feb 03, 2024 12:53:38 AM io.gapi.emulators.netty.HttpVersionRoutingHandler channelRead
INFO: Detected non-HTTP/2 connection.
 {"metadata":{"emulator":{"name":"firestore"},"message":"Feb 03, 2024 12:53:38 AM io.gapi.emulators.netty.HttpVersionRoutingHandler channelRead\nINFO: Detected non-HTTP/2 connection.\n"}}
[debug] [2024-02-02T23:53:38.372Z] Feb 03, 2024 12:53:38 AM io.gapi.emulators.netty.HttpVersionRoutingHandler channelRead
INFO: Detected HTTP/2 connection.
 {"metadata":{"emulator":{"name":"firestore"},"message":"Feb 03, 2024 12:53:38 AM io.gapi.emulators.netty.HttpVersionRoutingHandler channelRead\nINFO: Detected HTTP/2 connection.\n"}}
[debug] [2024-02-02T23:53:38.423Z] <<< [apiv2][status] POST http://127.0.0.1:8080/emulator/v1/projects/i-get-am/eventarcTrigger?eventarcTriggerId=us-central1-welcomeEmail-0 200
[debug] [2024-02-02T23:53:38.423Z] <<< [apiv2][body] POST http://127.0.0.1:8080/emulator/v1/projects/i-get-am/eventarcTrigger?eventarcTriggerId=us-central1-welcomeEmail-0 {"eventType":"google.cloud.firestore.document.v1.created","database":"(default)","namespace":"(default)","document":{"value":"users/{userId}","matchType":"PATH_PATTERN"}}
[info] ✔  functions[us-central1-welcomeEmail]: firestore function initialized. {"metadata":{"emulator":{"name":"functions"},"message":"\u001b[1mfirestore\u001b[22m function initialized."}}
[debug] [2024-02-02T23:53:39.015Z] Validating nodejs source
[debug] [2024-02-02T23:53:39.478Z] > [functions] package.json contents: {
  "name": "functions",
  "description": "Cloud Functions for Firebase",
  "scripts": {
    "serve": "firebase emulators:start --only functions",
    "shell": "firebase functions:shell",
    "start": "npm run shell",
    "deploy": "firebase deploy --only functions",
    "logs": "firebase functions:log"
  },
  "engines": {
    "node": "18"
  },
  "main": "index.js",
  "dependencies": {
    "dotenv": "^16.4.1",
    "firebase-admin": "^11.8.0",
    "firebase-functions": "^4.3.1",
    "form-data": "^4.0.0",
    "handlebars": "^4.7.8",
    "mailgun.js": "^10.0.1",
    "node-mailjet": "^6.0.5"
  },
  "devDependencies": {
    "firebase-functions-test": "^3.1.0"
  },
  "private": true
}
[debug] [2024-02-02T23:53:39.478Z] Building nodejs source
[debug] [2024-02-02T23:53:39.478Z] Failed to find version of module node: reached end of search path /Users/sire/Code/market-item-finder/functions/node_modules
[info] ✔  functions: Using node@18 from host. 
[info] i  functions: Loaded environment variables from .env. 
[debug] [2024-02-02T23:53:39.479Z] Could not find functions.yaml. Must use http discovery
[debug] [2024-02-02T23:53:39.480Z] Found firebase-functions binary at '/Users/sire/Code/market-item-finder/functions/node_modules/.bin/firebase-functions'
[info] Serving at port 8393

[debug] [2024-02-02T23:53:39.663Z] Got response from /__/functions.yaml {"endpoints":{"welcomeEmail":{"availableMemoryMb":null,"timeoutSeconds":15,"minInstances":null,"maxInstances":10,"ingressSettings":null,"concurrency":null,"serviceAccountEmail":null,"vpc":null,"platform":"gcfv2","labels":{},"eventTrigger":{"eventType":"google.cloud.firestore.document.v1.created","eventFilters":{"database":"(default)","namespace":"(default)"},"eventFilterPathPatterns":{"document":"users/{userId}"},"retry":false},"entryPoint":"welcomeEmail"}},"specVersion":"v1alpha1","requiredAPIs":[]}
[info] ✔  functions: Loaded functions definitions from source: welcomeEmail. {"metadata":{"emulator":{"name":"functions"},"message":"Loaded functions definitions from source: welcomeEmail."}}
[debug] [2024-02-02T23:53:44.846Z] Feb 03, 2024 12:53:44 AM io.gapi.emulators.netty.HttpVersionRoutingHandler channelRead
INFO: Detected non-HTTP/2 connection.
 {"metadata":{"emulator":{"name":"firestore"},"message":"Feb 03, 2024 12:53:44 AM io.gapi.emulators.netty.HttpVersionRoutingHandler channelRead\nINFO: Detected non-HTTP/2 connection.\n"}}
[debug] [2024-02-02T23:54:44.875Z] Feb 03, 2024 12:54:44 AM io.gapi.emulators.netty.HttpVersionRoutingHandler channelRead
INFO: Detected non-HTTP/2 connection.
 {"metadata":{"emulator":{"name":"firestore"},"message":"Feb 03, 2024 12:54:44 AM io.gapi.emulators.netty.HttpVersionRoutingHandler channelRead\nINFO: Detected non-HTTP/2 connection.\n"}}
